<?xml version="1.0" encoding="UTF-8"?>
<!-- Generated by org.testng.reporters.JUnitReportReporter -->
<testsuite skipped="0" hostname="SubhadeepLaptop" name="testClass.TelecomTest" tests="7" failures="0" timestamp="18 Mar 2022 15:38:20 GMT" time="40.765" errors="0">
  <testcase name="verifyHomePage" time="0.088" classname="testClass.TelecomTest"/>
  <testcase name="addCustomerDetails" time="6.668" classname="testClass.TelecomTest"/>
  <testcase name="addCustomerDetails" time="6.417" classname="testClass.TelecomTest"/>
  <testcase name="AddTariff" time="6.103" classname="testClass.TelecomTest"/>
  <testcase name="AddTariff" time="6.832" classname="testClass.TelecomTest"/>
  <testcase name="addPlanCustomer" time="10.818" classname="testClass.TelecomTest"/>
  <testcase name="payCustomerBill" time="3.839" classname="testClass.TelecomTest"/>
</testsuite> <!-- testClass.TelecomTest -->
