<?xml version="1.0" encoding="UTF-8"?>
<!-- Generated by org.testng.reporters.JUnitReportReporter -->
<testsuite skipped="0" hostname="SubhadeepLaptop" name="testClass.TelecomTest" tests="6" failures="0" timestamp="16 Mar 2022 20:31:48 GMT" time="27.422" errors="0">
  <testcase name="verifyHomePage" time="0.098" classname="testClass.TelecomTest"/>
  <testcase name="addCustomerDetails" time="4.980" classname="testClass.TelecomTest"/>
  <testcase name="getCustomerDetails" time="1.522" classname="testClass.TelecomTest"/>
  <testcase name="AddTariff" time="6.535" classname="testClass.TelecomTest"/>
  <testcase name="addPlanCustomer" time="10.551" classname="testClass.TelecomTest"/>
  <testcase name="payCustomerBill" time="3.736" classname="testClass.TelecomTest"/>
</testsuite> <!-- testClass.TelecomTest -->
